[[34m2025-11-14 21:58:36[0m] Using device: cuda
[[34m2025-11-14 21:58:39[0m] Uncaught exception:
Traceback (most recent call last):
  File "/home-2/ar94660/segmentaiton_venv/lib/python3.10/site-packages/pandas/core/indexes/base.py", line 3812, in get_loc
    return self._engine.get_loc(casted_key)
  File "pandas/_libs/index.pyx", line 167, in pandas._libs.index.IndexEngine.get_loc
  File "pandas/_libs/index.pyx", line 196, in pandas._libs.index.IndexEngine.get_loc
  File "pandas/_libs/hashtable_class_helper.pxi", line 7088, in pandas._libs.hashtable.PyObjectHashTable.get_item
  File "pandas/_libs/hashtable_class_helper.pxi", line 7096, in pandas._libs.hashtable.PyObjectHashTable.get_item
KeyError: '-ISUP -positive_lymph_nodes -lymphovascular_invasion -invasion_seminal_vesicles -positive_lymph_nodes_missing -age_at_prostatectomy'

The above exception was the direct cause of the following exception:

Traceback (most recent call last):
  File "/home-2/ar94660/Multimodal_BCR/train.py", line 51, in <module>
    main(cfg)
  File "/home-2/ar94660/Multimodal_BCR/train.py", line 31, in main
    ld_tr, ld_va, (T_va, E_va) = make_loaders(cfg, modalities, clinical_df, MRIs, fold)
  File "/home-2/ar94660/Multimodal_BCR/src/data_utils.py", line 121, in make_loaders
    X = df[cfg.data.features].astype(float).copy()
  File "/home-2/ar94660/segmentaiton_venv/lib/python3.10/site-packages/pandas/core/frame.py", line 4107, in __getitem__
    indexer = self.columns.get_loc(key)
  File "/home-2/ar94660/segmentaiton_venv/lib/python3.10/site-packages/pandas/core/indexes/base.py", line 3819, in get_loc
    raise KeyError(key) from err
KeyError: '-ISUP -positive_lymph_nodes -lymphovascular_invasion -invasion_seminal_vesicles -positive_lymph_nodes_missing -age_at_prostatectomy'
